[0619/161433.650:ERROR:prune_crash_reports.cc(34)] PruneCrashReportDatabase: Failed to get pending reports
[0619/161715.449:ERROR:prune_crash_reports.cc(34)] PruneCrashReportDatabase: Failed to get pending reports
[0619/162142.708:ERROR:prune_crash_reports.cc(34)] PruneCrashReportDatabase: Failed to get pending reports
[0619/174545.261:ERROR:file_io_win.cc(161)] CreateFile C:\Users\TTATAR~1\AppData\Local\Temp\scoped_dir228_24810\Crashpad\settings.dat: Системе не удается найти указанный путь. (0x3)
[0619/174545.262:ERROR:file_io_win.cc(170)] CreateFile C:\Users\TTATAR~1\AppData\Local\Temp\scoped_dir228_24810\Crashpad\reports\370878ff-7f50-48a4-95a2-68ef704d1754.dmp: Системе не удается найти указанный путь. (0x3)
[0619/174545.262:ERROR:crash_report_exception_handler.cc(97)] PrepareNewCrashReport failed
[0619/174822.159:ERROR:file_io_win.cc(161)] CreateFile C:\Users\TTATAR~1\AppData\Local\Temp\scoped_dir12452_17454\Crashpad\settings.dat: Системе не удается найти указанный путь. (0x3)
[0619/174822.160:ERROR:file_io_win.cc(170)] CreateFile C:\Users\TTATAR~1\AppData\Local\Temp\scoped_dir12452_17454\Crashpad\reports\db22285c-cea9-4282-80ba-7a8665894d85.dmp: Системе не удается найти указанный путь. (0x3)
[0619/174822.160:ERROR:crash_report_exception_handler.cc(97)] PrepareNewCrashReport failed
[0619/175246.864:ERROR:file_io_win.cc(161)] CreateFile C:\Users\TTATAR~1\AppData\Local\Temp\scoped_dir11792_31966\Crashpad\settings.dat: Системе не удается найти указанный путь. (0x3)
[0619/175246.865:ERROR:file_io_win.cc(170)] CreateFile C:\Users\TTATAR~1\AppData\Local\Temp\scoped_dir11792_31966\Crashpad\reports\8c1ee5a4-d75a-4eea-a23e-2b786d98eb18.dmp: Системе не удается найти указанный путь. (0x3)
[0619/175246.865:ERROR:crash_report_exception_handler.cc(97)] PrepareNewCrashReport failed
[0620/161432.815:ERROR:prune_crash_reports.cc(34)] PruneCrashReportDatabase: Failed to get pending reports
[0620/161714.668:ERROR:prune_crash_reports.cc(34)] PruneCrashReportDatabase: Failed to get pending reports
[0620/162141.281:ERROR:prune_crash_reports.cc(34)] PruneCrashReportDatabase: Failed to get pending reports
[0621/161431.936:ERROR:prune_crash_reports.cc(34)] PruneCrashReportDatabase: Failed to get pending reports
[0621/161713.735:ERROR:prune_crash_reports.cc(34)] PruneCrashReportDatabase: Failed to get pending reports
[0621/162140.379:ERROR:prune_crash_reports.cc(34)] PruneCrashReportDatabase: Failed to get pending reports
[0705/112101.110:ERROR:prune_crash_reports.cc(34)] PruneCrashReportDatabase: Failed to get pending reports
[0705/115133.876:ERROR:prune_crash_reports.cc(34)] PruneCrashReportDatabase: Failed to get pending reports
[0705/122231.260:ERROR:prune_crash_reports.cc(34)] PruneCrashReportDatabase: Failed to get pending reports
[0705/124151.945:ERROR:prune_crash_reports.cc(34)] PruneCrashReportDatabase: Failed to get pending reports
[0705/124354.292:ERROR:prune_crash_reports.cc(34)] PruneCrashReportDatabase: Failed to get pending reports
[0705/125034.129:ERROR:prune_crash_reports.cc(34)] PruneCrashReportDatabase: Failed to get pending reports
[0705/132708.017:ERROR:file_io_win.cc(161)] CreateFile C:\Users\TTATAR~1\AppData\Local\Temp\scoped_dir11420_14231\Crashpad\settings.dat: Системе не удается найти указанный путь. (0x3)
[0705/132708.024:ERROR:file_io_win.cc(170)] CreateFile C:\Users\TTATAR~1\AppData\Local\Temp\scoped_dir11420_14231\Crashpad\reports\0e548505-ce7e-44bb-ac6d-4fe0f391b845.dmp: Системе не удается найти указанный путь. (0x3)
[0705/132708.024:ERROR:crash_report_exception_handler.cc(97)] PrepareNewCrashReport failed
[0705/132710.806:ERROR:file_io_win.cc(161)] CreateFile C:\Users\TTATAR~1\AppData\Local\Temp\scoped_dir11408_27506\Crashpad\settings.dat: Системе не удается найти указанный путь. (0x3)
[0705/132710.834:ERROR:file_io_win.cc(170)] CreateFile C:\Users\TTATAR~1\AppData\Local\Temp\scoped_dir11408_27506\Crashpad\reports\f3b1571e-d897-48a9-8346-48fd31322d7d.dmp: Системе не удается найти указанный путь. (0x3)
[0705/132710.834:ERROR:crash_report_exception_handler.cc(97)] PrepareNewCrashReport failed
[0705/135411.580:ERROR:file_io_win.cc(161)] CreateFile C:\Users\TTATAR~1\AppData\Local\Temp\scoped_dir11488_2766\Crashpad\settings.dat: Системе не удается найти указанный путь. (0x3)
[0705/135411.580:ERROR:file_io_win.cc(170)] CreateFile C:\Users\TTATAR~1\AppData\Local\Temp\scoped_dir11488_2766\Crashpad\reports\4cecb02d-f31e-4bd4-af51-22e1c614e74f.dmp: Системе не удается найти указанный путь. (0x3)
[0705/135411.580:ERROR:crash_report_exception_handler.cc(97)] PrepareNewCrashReport failed
[0705/141257.290:ERROR:file_io_win.cc(161)] CreateFile C:\Users\TTATAR~1\AppData\Local\Temp\scoped_dir5056_3652\Crashpad\settings.dat: Системе не удается найти указанный путь. (0x3)
[0705/141257.291:ERROR:file_io_win.cc(170)] CreateFile C:\Users\TTATAR~1\AppData\Local\Temp\scoped_dir5056_3652\Crashpad\reports\a9e54d4e-6fcb-46f1-ba41-d2ff97a7ea37.dmp: Системе не удается найти указанный путь. (0x3)
[0705/141257.291:ERROR:crash_report_exception_handler.cc(97)] PrepareNewCrashReport failed
[0705/141526.751:ERROR:file_io_win.cc(161)] CreateFile C:\Users\TTATAR~1\AppData\Local\Temp\scoped_dir2356_11729\Crashpad\settings.dat: Системе не удается найти указанный путь. (0x3)
[0705/141526.752:ERROR:file_io_win.cc(170)] CreateFile C:\Users\TTATAR~1\AppData\Local\Temp\scoped_dir2356_11729\Crashpad\reports\f22652db-3076-4fa0-92cf-f09ee03c674a.dmp: Системе не удается найти указанный путь. (0x3)
[0705/141526.752:ERROR:crash_report_exception_handler.cc(97)] PrepareNewCrashReport failed
[0705/142443.643:ERROR:file_io_win.cc(161)] CreateFile C:\Users\TTATAR~1\AppData\Local\Temp\scoped_dir7732_11118\Crashpad\settings.dat: Системе не удается найти указанный путь. (0x3)
[0705/142443.643:ERROR:file_io_win.cc(170)] CreateFile C:\Users\TTATAR~1\AppData\Local\Temp\scoped_dir7732_11118\Crashpad\reports\fa660d07-6e74-4cac-a164-dfca45b80d99.dmp: Системе не удается найти указанный путь. (0x3)
[0705/142443.643:ERROR:crash_report_exception_handler.cc(97)] PrepareNewCrashReport failed
[0705/151821.759:ERROR:prune_crash_reports.cc(34)] PruneCrashReportDatabase: Failed to get pending reports
[0705/152657.686:ERROR:prune_crash_reports.cc(34)] PruneCrashReportDatabase: Failed to get pending reports
[0705/153048.518:ERROR:prune_crash_reports.cc(34)] PruneCrashReportDatabase: Failed to get pending reports
[0705/153506.809:ERROR:prune_crash_reports.cc(34)] PruneCrashReportDatabase: Failed to get pending reports
[0705/153629.812:ERROR:prune_crash_reports.cc(34)] PruneCrashReportDatabase: Failed to get pending reports
[0705/154115.429:ERROR:prune_crash_reports.cc(34)] PruneCrashReportDatabase: Failed to get pending reports
[0705/154249.340:ERROR:prune_crash_reports.cc(34)] PruneCrashReportDatabase: Failed to get pending reports
[0705/154831.164:ERROR:prune_crash_reports.cc(34)] PruneCrashReportDatabase: Failed to get pending reports
[0705/154944.810:ERROR:prune_crash_reports.cc(34)] PruneCrashReportDatabase: Failed to get pending reports
[0705/160353.982:ERROR:prune_crash_reports.cc(34)] PruneCrashReportDatabase: Failed to get pending reports
[0705/160824.215:ERROR:prune_crash_reports.cc(34)] PruneCrashReportDatabase: Failed to get pending reports
[0705/160941.322:ERROR:prune_crash_reports.cc(34)] PruneCrashReportDatabase: Failed to get pending reports
[0705/161107.349:ERROR:prune_crash_reports.cc(34)] PruneCrashReportDatabase: Failed to get pending reports
[0705/162259.649:ERROR:prune_crash_reports.cc(34)] PruneCrashReportDatabase: Failed to get pending reports
[0705/164937.672:ERROR:file_io_win.cc(161)] CreateFile C:\Users\TTATAR~1\AppData\Local\Temp\scoped_dir9832_360\Crashpad\settings.dat: Системе не удается найти указанный путь. (0x3)
[0705/164937.672:ERROR:file_io_win.cc(170)] CreateFile C:\Users\TTATAR~1\AppData\Local\Temp\scoped_dir9832_360\Crashpad\reports\95df85d0-1f04-4b14-8177-8c3cb9cd9705.dmp: Системе не удается найти указанный путь. (0x3)
[0705/164937.672:ERROR:crash_report_exception_handler.cc(97)] PrepareNewCrashReport failed
[0705/170119.921:ERROR:file_io_win.cc(161)] CreateFile C:\Users\TTATAR~1\AppData\Local\Temp\scoped_dir5112_24182\Crashpad\settings.dat: Системе не удается найти указанный путь. (0x3)
[0705/170119.921:ERROR:file_io_win.cc(170)] CreateFile C:\Users\TTATAR~1\AppData\Local\Temp\scoped_dir5112_24182\Crashpad\reports\8dbd5f23-bda2-488e-a38d-641bee8472bf.dmp: Системе не удается найти указанный путь. (0x3)
[0705/170119.921:ERROR:crash_report_exception_handler.cc(97)] PrepareNewCrashReport failed
[0705/170151.807:ERROR:file_io_win.cc(161)] CreateFile C:\Users\TTATAR~1\AppData\Local\Temp\scoped_dir11776_23969\Crashpad\settings.dat: Системе не удается найти указанный путь. (0x3)
[0705/170151.807:ERROR:file_io_win.cc(170)] CreateFile C:\Users\TTATAR~1\AppData\Local\Temp\scoped_dir11776_23969\Crashpad\reports\0694a08b-a621-4fdf-bd99-0ac0130ed186.dmp: Системе не удается найти указанный путь. (0x3)
[0705/170151.808:ERROR:crash_report_exception_handler.cc(97)] PrepareNewCrashReport failed
[0705/170615.342:ERROR:file_io_win.cc(161)] CreateFile C:\Users\TTATAR~1\AppData\Local\Temp\scoped_dir10244_32239\Crashpad\settings.dat: Системе не удается найти указанный путь. (0x3)
[0705/170615.343:ERROR:file_io_win.cc(170)] CreateFile C:\Users\TTATAR~1\AppData\Local\Temp\scoped_dir10244_32239\Crashpad\reports\6f0fe12c-8e17-43dc-b582-fae77bf9c9d0.dmp: Системе не удается найти указанный путь. (0x3)
[0705/170615.343:ERROR:crash_report_exception_handler.cc(97)] PrepareNewCrashReport failed
[0705/170813.312:ERROR:file_io_win.cc(161)] CreateFile C:\Users\TTATAR~1\AppData\Local\Temp\scoped_dir10644_23081\Crashpad\settings.dat: Системе не удается найти указанный путь. (0x3)
[0705/170813.313:ERROR:file_io_win.cc(170)] CreateFile C:\Users\TTATAR~1\AppData\Local\Temp\scoped_dir10644_23081\Crashpad\reports\79ac3b92-eb7d-4eac-833b-7b12a882da6f.dmp: Системе не удается найти указанный путь. (0x3)
[0705/170813.313:ERROR:crash_report_exception_handler.cc(97)] PrepareNewCrashReport failed
[0705/171239.502:ERROR:file_io_win.cc(161)] CreateFile C:\Users\TTATAR~1\AppData\Local\Temp\scoped_dir9564_15685\Crashpad\settings.dat: Системе не удается найти указанный путь. (0x3)
[0705/171239.503:ERROR:file_io_win.cc(170)] CreateFile C:\Users\TTATAR~1\AppData\Local\Temp\scoped_dir9564_15685\Crashpad\reports\ceddd8d7-9e19-438b-aac9-8e5a856e7999.dmp: Системе не удается найти указанный путь. (0x3)
[0705/171239.503:ERROR:crash_report_exception_handler.cc(97)] PrepareNewCrashReport failed
[0705/171352.545:ERROR:file_io_win.cc(161)] CreateFile C:\Users\TTATAR~1\AppData\Local\Temp\scoped_dir12576_6218\Crashpad\settings.dat: Системе не удается найти указанный путь. (0x3)
[0705/171352.545:ERROR:file_io_win.cc(170)] CreateFile C:\Users\TTATAR~1\AppData\Local\Temp\scoped_dir12576_6218\Crashpad\reports\9523175e-c849-4143-85d8-b47625d74f04.dmp: Системе не удается найти указанный путь. (0x3)
[0705/171352.545:ERROR:crash_report_exception_handler.cc(97)] PrepareNewCrashReport failed
[0705/171934.550:ERROR:file_io_win.cc(161)] CreateFile C:\Users\TTATAR~1\AppData\Local\Temp\scoped_dir13608_2479\Crashpad\settings.dat: Системе не удается найти указанный путь. (0x3)
[0705/171934.550:ERROR:file_io_win.cc(170)] CreateFile C:\Users\TTATAR~1\AppData\Local\Temp\scoped_dir13608_2479\Crashpad\reports\13f2882e-4d9f-4340-a55f-328351f080f6.dmp: Системе не удается найти указанный путь. (0x3)
[0705/171934.550:ERROR:crash_report_exception_handler.cc(97)] PrepareNewCrashReport failed
[0705/173507.521:ERROR:file_io_win.cc(161)] CreateFile C:\Users\TTATAR~1\AppData\Local\Temp\scoped_dir13508_3299\Crashpad\settings.dat: Системе не удается найти указанный путь. (0x3)
[0705/173507.521:ERROR:file_io_win.cc(170)] CreateFile C:\Users\TTATAR~1\AppData\Local\Temp\scoped_dir13508_3299\Crashpad\reports\3754337c-0d06-4c46-8265-ef14a18c3f0f.dmp: Системе не удается найти указанный путь. (0x3)
[0705/173507.521:ERROR:crash_report_exception_handler.cc(97)] PrepareNewCrashReport failed
[0705/173509.990:ERROR:file_io_win.cc(161)] CreateFile C:\Users\TTATAR~1\AppData\Local\Temp\scoped_dir13244_2530\Crashpad\settings.dat: Системе не удается найти указанный путь. (0x3)
[0705/173509.990:ERROR:file_io_win.cc(170)] CreateFile C:\Users\TTATAR~1\AppData\Local\Temp\scoped_dir13244_2530\Crashpad\reports\b77d1fd2-7604-4fb5-824f-6b12372f05af.dmp: Системе не удается найти указанный путь. (0x3)
[0705/173509.990:ERROR:crash_report_exception_handler.cc(97)] PrepareNewCrashReport failed
[0705/173929.912:ERROR:file_io_win.cc(161)] CreateFile C:\Users\TTATAR~1\AppData\Local\Temp\scoped_dir14152_20557\Crashpad\settings.dat: Системе не удается найти указанный путь. (0x3)
[0705/173929.912:ERROR:file_io_win.cc(170)] CreateFile C:\Users\TTATAR~1\AppData\Local\Temp\scoped_dir14152_20557\Crashpad\reports\06fc958d-e142-42fb-98dc-7534774f8e0d.dmp: Системе не удается найти указанный путь. (0x3)
[0705/173929.912:ERROR:crash_report_exception_handler.cc(97)] PrepareNewCrashReport failed
[0705/174225.661:ERROR:file_io_win.cc(161)] CreateFile C:\Users\TTATAR~1\AppData\Local\Temp\scoped_dir6256_9371\Crashpad\settings.dat: Системе не удается найти указанный путь. (0x3)
[0705/174225.662:ERROR:file_io_win.cc(170)] CreateFile C:\Users\TTATAR~1\AppData\Local\Temp\scoped_dir6256_9371\Crashpad\reports\f1868694-7cdb-4db0-ab4b-3a4c72560fef.dmp: Системе не удается найти указанный путь. (0x3)
[0705/174225.662:ERROR:crash_report_exception_handler.cc(97)] PrepareNewCrashReport failed
[0705/175403.027:ERROR:file_io_win.cc(161)] CreateFile C:\Users\TTATAR~1\AppData\Local\Temp\scoped_dir10192_10920\Crashpad\settings.dat: Системе не удается найти указанный путь. (0x3)
[0705/175403.028:ERROR:file_io_win.cc(170)] CreateFile C:\Users\TTATAR~1\AppData\Local\Temp\scoped_dir10192_10920\Crashpad\reports\297948f0-64a5-4307-bf09-fda98dae19d5.dmp: Системе не удается найти указанный путь. (0x3)
[0705/175403.028:ERROR:crash_report_exception_handler.cc(97)] PrepareNewCrashReport failed
[0705/175426.647:ERROR:file_io_win.cc(161)] CreateFile C:\Users\TTATAR~1\AppData\Local\Temp\scoped_dir14048_20746\Crashpad\settings.dat: Системе не удается найти указанный путь. (0x3)
[0705/175426.648:ERROR:file_io_win.cc(170)] CreateFile C:\Users\TTATAR~1\AppData\Local\Temp\scoped_dir14048_20746\Crashpad\reports\a61928df-a9a0-4e27-8bad-0c341b8a66c2.dmp: Системе не удается найти указанный путь. (0x3)
[0705/175426.648:ERROR:crash_report_exception_handler.cc(97)] PrepareNewCrashReport failed
[0706/112100.209:ERROR:prune_crash_reports.cc(34)] PruneCrashReportDatabase: Failed to get pending reports
[0706/115132.967:ERROR:prune_crash_reports.cc(34)] PruneCrashReportDatabase: Failed to get pending reports
[0706/121441.530:ERROR:prune_crash_reports.cc(34)] PruneCrashReportDatabase: Failed to get pending reports
[0706/122021.861:ERROR:prune_crash_reports.cc(34)] PruneCrashReportDatabase: Failed to get pending reports
[0706/122221.052:ERROR:prune_crash_reports.cc(34)] PruneCrashReportDatabase: Failed to get pending reports
[0706/122230.380:ERROR:prune_crash_reports.cc(34)] PruneCrashReportDatabase: Failed to get pending reports
[0706/123719.065:ERROR:prune_crash_reports.cc(34)] PruneCrashReportDatabase: Failed to get pending reports
[0706/124151.149:ERROR:prune_crash_reports.cc(34)] PruneCrashReportDatabase: Failed to get pending reports
[0706/124353.403:ERROR:prune_crash_reports.cc(34)] PruneCrashReportDatabase: Failed to get pending reports
[0706/125033.267:ERROR:prune_crash_reports.cc(34)] PruneCrashReportDatabase: Failed to get pending reports
[0706/131800.066:ERROR:prune_crash_reports.cc(34)] PruneCrashReportDatabase: Failed to get pending reports
[0706/132424.346:ERROR:prune_crash_reports.cc(34)] PruneCrashReportDatabase: Failed to get pending reports
[0706/134610.558:ERROR:file_io_win.cc(161)] CreateFile C:\Users\TTATAR~1\AppData\Local\Temp\scoped_dir15568_6802\Crashpad\settings.dat: Системе не удается найти указанный путь. (0x3)
[0706/134610.564:ERROR:file_io_win.cc(170)] CreateFile C:\Users\TTATAR~1\AppData\Local\Temp\scoped_dir15568_6802\Crashpad\reports\2e12f3c9-2022-485c-9d1e-e683c63f1953.dmp: Системе не удается найти указанный путь. (0x3)
[0706/134610.564:ERROR:crash_report_exception_handler.cc(97)] PrepareNewCrashReport failed
[0706/135213.926:ERROR:file_io_win.cc(161)] CreateFile C:\Users\TTATAR~1\AppData\Local\Temp\scoped_dir13460_16837\Crashpad\settings.dat: Системе не удается найти указанный путь. (0x3)
[0706/135213.936:ERROR:file_io_win.cc(170)] CreateFile C:\Users\TTATAR~1\AppData\Local\Temp\scoped_dir13460_16837\Crashpad\reports\40c8eafa-2161-4e61-bdb7-7686ccfc0610.dmp: Системе не удается найти указанный путь. (0x3)
[0706/135213.936:ERROR:crash_report_exception_handler.cc(97)] PrepareNewCrashReport failed
[0706/135329.003:ERROR:file_io_win.cc(161)] CreateFile C:\Users\TTATAR~1\AppData\Local\Temp\scoped_dir15812_6884\Crashpad\settings.dat: Системе не удается найти указанный путь. (0x3)
[0706/135329.015:ERROR:file_io_win.cc(170)] CreateFile C:\Users\TTATAR~1\AppData\Local\Temp\scoped_dir15812_6884\Crashpad\reports\e197690c-007b-4499-bfa7-687018006098.dmp: Системе не удается найти указанный путь. (0x3)
[0706/135329.015:ERROR:crash_report_exception_handler.cc(97)] PrepareNewCrashReport failed
[0706/140838.657:ERROR:file_io_win.cc(161)] CreateFile C:\Users\TTATAR~1\AppData\Local\Temp\scoped_dir15060_23285\Crashpad\settings.dat: Системе не удается найти указанный путь. (0x3)
[0706/140838.679:ERROR:file_io_win.cc(170)] CreateFile C:\Users\TTATAR~1\AppData\Local\Temp\scoped_dir15060_23285\Crashpad\reports\e27bf5f3-1f16-4e77-b560-0dfffc334a89.dmp: Системе не удается найти указанный путь. (0x3)
[0706/140838.680:ERROR:crash_report_exception_handler.cc(97)] PrepareNewCrashReport failed
[0706/145219.180:ERROR:file_io_win.cc(161)] CreateFile C:\Users\TTATAR~1\AppData\Local\Temp\scoped_dir17208_1549\Crashpad\settings.dat: Системе не удается найти указанный путь. (0x3)
[0706/145219.180:ERROR:file_io_win.cc(170)] CreateFile C:\Users\TTATAR~1\AppData\Local\Temp\scoped_dir17208_1549\Crashpad\reports\3def4be4-088b-482c-a47f-7837f02f766b.dmp: Системе не удается найти указанный путь. (0x3)
[0706/145219.180:ERROR:crash_report_exception_handler.cc(97)] PrepareNewCrashReport failed
[0706/145528.970:ERROR:file_io_win.cc(161)] CreateFile C:\Users\TTATAR~1\AppData\Local\Temp\scoped_dir14216_22010\Crashpad\settings.dat: Системе не удается найти указанный путь. (0x3)
[0706/145528.971:ERROR:file_io_win.cc(170)] CreateFile C:\Users\TTATAR~1\AppData\Local\Temp\scoped_dir14216_22010\Crashpad\reports\d088b6b3-8158-42be-a0ba-e7b1e9c52d40.dmp: Системе не удается найти указанный путь. (0x3)
[0706/145528.971:ERROR:crash_report_exception_handler.cc(97)] PrepareNewCrashReport failed
[0706/151819.492:ERROR:prune_crash_reports.cc(34)] PruneCrashReportDatabase: Failed to get pending reports
[0706/152655.433:ERROR:prune_crash_reports.cc(34)] PruneCrashReportDatabase: Failed to get pending reports
[0706/153046.253:ERROR:prune_crash_reports.cc(34)] PruneCrashReportDatabase: Failed to get pending reports
[0706/153504.569:ERROR:prune_crash_reports.cc(34)] PruneCrashReportDatabase: Failed to get pending reports
[0706/153627.545:ERROR:prune_crash_reports.cc(34)] PruneCrashReportDatabase: Failed to get pending reports
[0706/154037.668:ERROR:prune_crash_reports.cc(34)] PruneCrashReportDatabase: Failed to get pending reports
[0706/154113.170:ERROR:prune_crash_reports.cc(34)] PruneCrashReportDatabase: Failed to get pending reports
[0706/154247.092:ERROR:prune_crash_reports.cc(34)] PruneCrashReportDatabase: Failed to get pending reports
[0706/154828.903:ERROR:prune_crash_reports.cc(34)] PruneCrashReportDatabase: Failed to get pending reports
[0706/154942.552:ERROR:prune_crash_reports.cc(34)] PruneCrashReportDatabase: Failed to get pending reports
[0706/160351.715:ERROR:prune_crash_reports.cc(34)] PruneCrashReportDatabase: Failed to get pending reports
[0706/160821.951:ERROR:prune_crash_reports.cc(34)] PruneCrashReportDatabase: Failed to get pending reports
[0706/160939.060:ERROR:prune_crash_reports.cc(34)] PruneCrashReportDatabase: Failed to get pending reports
[0706/161105.170:ERROR:prune_crash_reports.cc(34)] PruneCrashReportDatabase: Failed to get pending reports
[0706/162257.379:ERROR:prune_crash_reports.cc(34)] PruneCrashReportDatabase: Failed to get pending reports
[0706/165812.105:ERROR:prune_crash_reports.cc(34)] PruneCrashReportDatabase: Failed to get pending reports
[0706/165947.769:ERROR:prune_crash_reports.cc(34)] PruneCrashReportDatabase: Failed to get pending reports
[0706/171314.930:ERROR:file_io_win.cc(161)] CreateFile C:\Users\TTATAR~1\AppData\Local\Temp\scoped_dir17392_4924\Crashpad\settings.dat: Системе не удается найти указанный путь. (0x3)
[0706/171314.948:ERROR:file_io_win.cc(170)] CreateFile C:\Users\TTATAR~1\AppData\Local\Temp\scoped_dir17392_4924\Crashpad\reports\05431e56-5163-4fad-8ca9-7802bba02a6c.dmp: Системе не удается найти указанный путь. (0x3)
[0706/171314.948:ERROR:crash_report_exception_handler.cc(97)] PrepareNewCrashReport failed
[0706/173334.769:ERROR:prune_crash_reports.cc(34)] PruneCrashReportDatabase: Failed to get pending reports
[0706/175059.729:ERROR:prune_crash_reports.cc(34)] PruneCrashReportDatabase: Failed to get pending reports
[0706/175214.955:ERROR:prune_crash_reports.cc(34)] PruneCrashReportDatabase: Failed to get pending reports
[0706/182938.276:ERROR:file_io_win.cc(161)] CreateFile C:\Users\TTATAR~1\AppData\Local\Temp\scoped_dir12940_126\Crashpad\settings.dat: Системе не удается найти указанный путь. (0x3)
[0706/182938.289:ERROR:file_io_win.cc(170)] CreateFile C:\Users\TTATAR~1\AppData\Local\Temp\scoped_dir12940_126\Crashpad\reports\c560aa17-ab42-4002-9995-a3e6f1438921.dmp: Системе не удается найти указанный путь. (0x3)
[0706/182938.289:ERROR:crash_report_exception_handler.cc(97)] PrepareNewCrashReport failed
[0706/183058.371:ERROR:file_io_win.cc(161)] CreateFile C:\Users\TTATAR~1\AppData\Local\Temp\scoped_dir10964_8728\Crashpad\settings.dat: Системе не удается найти указанный путь. (0x3)
[0706/183058.372:ERROR:file_io_win.cc(170)] CreateFile C:\Users\TTATAR~1\AppData\Local\Temp\scoped_dir10964_8728\Crashpad\reports\0145e8e0-b22b-4138-8872-30260e24c424.dmp: Системе не удается найти указанный путь. (0x3)
[0706/183058.372:ERROR:crash_report_exception_handler.cc(97)] PrepareNewCrashReport failed
[0706/190448.015:ERROR:file_io_win.cc(161)] CreateFile C:\Users\TTATAR~1\AppData\Local\Temp\scoped_dir17932_6302\Crashpad\settings.dat: Системе не удается найти указанный путь. (0x3)
[0706/190448.016:ERROR:file_io_win.cc(170)] CreateFile C:\Users\TTATAR~1\AppData\Local\Temp\scoped_dir17932_6302\Crashpad\reports\abc627e2-2aad-43e2-abcf-514b81a6e660.dmp: Системе не удается найти указанный путь. (0x3)
[0706/190448.016:ERROR:crash_report_exception_handler.cc(97)] PrepareNewCrashReport failed
[0706/192209.062:ERROR:file_io_win.cc(161)] CreateFile C:\Users\TTATAR~1\AppData\Local\Temp\scoped_dir17752_23636\Crashpad\settings.dat: Системе не удается найти указанный путь. (0x3)
[0706/192209.062:ERROR:file_io_win.cc(170)] CreateFile C:\Users\TTATAR~1\AppData\Local\Temp\scoped_dir17752_23636\Crashpad\reports\5f0ec768-7512-4ebb-944b-4a68e5d025dc.dmp: Системе не удается найти указанный путь. (0x3)
[0706/192209.063:ERROR:crash_report_exception_handler.cc(97)] PrepareNewCrashReport failed
[0706/192411.990:ERROR:file_io_win.cc(161)] CreateFile C:\Users\TTATAR~1\AppData\Local\Temp\scoped_dir16036_13627\Crashpad\settings.dat: Системе не удается найти указанный путь. (0x3)
[0706/192411.990:ERROR:file_io_win.cc(170)] CreateFile C:\Users\TTATAR~1\AppData\Local\Temp\scoped_dir16036_13627\Crashpad\reports\20796f0e-f6a5-4e5f-a10a-30f1d08e454c.dmp: Системе не удается найти указанный путь. (0x3)
[0706/192411.990:ERROR:crash_report_exception_handler.cc(97)] PrepareNewCrashReport failed
[0707/112059.355:ERROR:prune_crash_reports.cc(34)] PruneCrashReportDatabase: Failed to get pending reports
[0707/115132.086:ERROR:prune_crash_reports.cc(34)] PruneCrashReportDatabase: Failed to get pending reports
[0707/121440.638:ERROR:prune_crash_reports.cc(34)] PruneCrashReportDatabase: Failed to get pending reports
[0707/122020.983:ERROR:prune_crash_reports.cc(34)] PruneCrashReportDatabase: Failed to get pending reports
[0707/122220.159:ERROR:prune_crash_reports.cc(34)] PruneCrashReportDatabase: Failed to get pending reports
[0707/122229.450:ERROR:prune_crash_reports.cc(34)] PruneCrashReportDatabase: Failed to get pending reports
[0707/123718.121:ERROR:prune_crash_reports.cc(34)] PruneCrashReportDatabase: Failed to get pending reports
[0707/124150.314:ERROR:prune_crash_reports.cc(34)] PruneCrashReportDatabase: Failed to get pending reports
[0707/124352.510:ERROR:prune_crash_reports.cc(34)] PruneCrashReportDatabase: Failed to get pending reports
[0707/125032.361:ERROR:prune_crash_reports.cc(34)] PruneCrashReportDatabase: Failed to get pending reports
[0707/131759.178:ERROR:prune_crash_reports.cc(34)] PruneCrashReportDatabase: Failed to get pending reports
[0707/132423.478:ERROR:prune_crash_reports.cc(34)] PruneCrashReportDatabase: Failed to get pending reports
[0707/151818.559:ERROR:prune_crash_reports.cc(34)] PruneCrashReportDatabase: Failed to get pending reports
[0707/152654.498:ERROR:prune_crash_reports.cc(34)] PruneCrashReportDatabase: Failed to get pending reports
[0707/153045.316:ERROR:prune_crash_reports.cc(34)] PruneCrashReportDatabase: Failed to get pending reports
[0707/153503.642:ERROR:prune_crash_reports.cc(34)] PruneCrashReportDatabase: Failed to get pending reports
[0707/153626.618:ERROR:prune_crash_reports.cc(34)] PruneCrashReportDatabase: Failed to get pending reports
[0707/154036.770:ERROR:prune_crash_reports.cc(34)] PruneCrashReportDatabase: Failed to get pending reports
[0707/154112.229:ERROR:prune_crash_reports.cc(34)] PruneCrashReportDatabase: Failed to get pending reports
[0707/154246.159:ERROR:prune_crash_reports.cc(34)] PruneCrashReportDatabase: Failed to get pending reports
[0707/154827.997:ERROR:prune_crash_reports.cc(34)] PruneCrashReportDatabase: Failed to get pending reports
[0707/154941.640:ERROR:prune_crash_reports.cc(34)] PruneCrashReportDatabase: Failed to get pending reports
[0707/160350.788:ERROR:prune_crash_reports.cc(34)] PruneCrashReportDatabase: Failed to get pending reports
[0707/160821.023:ERROR:prune_crash_reports.cc(34)] PruneCrashReportDatabase: Failed to get pending reports
[0707/160938.129:ERROR:prune_crash_reports.cc(34)] PruneCrashReportDatabase: Failed to get pending reports
[0707/161104.226:ERROR:prune_crash_reports.cc(34)] PruneCrashReportDatabase: Failed to get pending reports
[0707/162256.442:ERROR:prune_crash_reports.cc(34)] PruneCrashReportDatabase: Failed to get pending reports
[0707/165810.128:ERROR:prune_crash_reports.cc(34)] PruneCrashReportDatabase: Failed to get pending reports
[0707/165945.758:ERROR:prune_crash_reports.cc(34)] PruneCrashReportDatabase: Failed to get pending reports
[0707/173332.489:ERROR:prune_crash_reports.cc(34)] PruneCrashReportDatabase: Failed to get pending reports
[0707/175057.462:ERROR:prune_crash_reports.cc(34)] PruneCrashReportDatabase: Failed to get pending reports
[0707/175212.679:ERROR:prune_crash_reports.cc(34)] PruneCrashReportDatabase: Failed to get pending reports
[0708/112059.215:ERROR:prune_crash_reports.cc(34)] PruneCrashReportDatabase: Failed to get pending reports
[0708/115132.071:ERROR:prune_crash_reports.cc(34)] PruneCrashReportDatabase: Failed to get pending reports
[0708/121440.781:ERROR:prune_crash_reports.cc(34)] PruneCrashReportDatabase: Failed to get pending reports
[0708/122021.214:ERROR:prune_crash_reports.cc(34)] PruneCrashReportDatabase: Failed to get pending reports
[0708/122220.394:ERROR:prune_crash_reports.cc(34)] PruneCrashReportDatabase: Failed to get pending reports
[0708/122229.603:ERROR:prune_crash_reports.cc(34)] PruneCrashReportDatabase: Failed to get pending reports
[0708/123718.363:ERROR:prune_crash_reports.cc(34)] PruneCrashReportDatabase: Failed to get pending reports
[0708/124150.604:ERROR:prune_crash_reports.cc(34)] PruneCrashReportDatabase: Failed to get pending reports
[0708/124352.801:ERROR:prune_crash_reports.cc(34)] PruneCrashReportDatabase: Failed to get pending reports
[0708/125032.687:ERROR:prune_crash_reports.cc(34)] PruneCrashReportDatabase: Failed to get pending reports
[0708/131759.765:ERROR:prune_crash_reports.cc(34)] PruneCrashReportDatabase: Failed to get pending reports
[0708/132424.072:ERROR:prune_crash_reports.cc(34)] PruneCrashReportDatabase: Failed to get pending reports
[0708/151817.655:ERROR:prune_crash_reports.cc(34)] PruneCrashReportDatabase: Failed to get pending reports
[0708/152653.583:ERROR:prune_crash_reports.cc(34)] PruneCrashReportDatabase: Failed to get pending reports
[0708/153044.401:ERROR:prune_crash_reports.cc(34)] PruneCrashReportDatabase: Failed to get pending reports
[0708/153502.727:ERROR:prune_crash_reports.cc(34)] PruneCrashReportDatabase: Failed to get pending reports
[0708/153625.703:ERROR:prune_crash_reports.cc(34)] PruneCrashReportDatabase: Failed to get pending reports
[0708/154035.956:ERROR:prune_crash_reports.cc(34)] PruneCrashReportDatabase: Failed to get pending reports
[0708/154111.314:ERROR:prune_crash_reports.cc(34)] PruneCrashReportDatabase: Failed to get pending reports
[0708/154245.244:ERROR:prune_crash_reports.cc(34)] PruneCrashReportDatabase: Failed to get pending reports
[0708/154827.105:ERROR:prune_crash_reports.cc(34)] PruneCrashReportDatabase: Failed to get pending reports
[0708/154940.769:ERROR:prune_crash_reports.cc(34)] PruneCrashReportDatabase: Failed to get pending reports
[0708/160349.873:ERROR:prune_crash_reports.cc(34)] PruneCrashReportDatabase: Failed to get pending reports
[0708/160820.134:ERROR:prune_crash_reports.cc(34)] PruneCrashReportDatabase: Failed to get pending reports
[0708/160937.214:ERROR:prune_crash_reports.cc(34)] PruneCrashReportDatabase: Failed to get pending reports
[0708/161103.311:ERROR:prune_crash_reports.cc(34)] PruneCrashReportDatabase: Failed to get pending reports
[0708/162255.527:ERROR:prune_crash_reports.cc(34)] PruneCrashReportDatabase: Failed to get pending reports
[0708/165809.227:ERROR:prune_crash_reports.cc(34)] PruneCrashReportDatabase: Failed to get pending reports
[0708/165944.868:ERROR:prune_crash_reports.cc(34)] PruneCrashReportDatabase: Failed to get pending reports
[0708/173331.597:ERROR:prune_crash_reports.cc(34)] PruneCrashReportDatabase: Failed to get pending reports
[0708/175056.578:ERROR:prune_crash_reports.cc(34)] PruneCrashReportDatabase: Failed to get pending reports
[0708/175211.789:ERROR:prune_crash_reports.cc(34)] PruneCrashReportDatabase: Failed to get pending reports
[0709/112057.205:ERROR:prune_crash_reports.cc(34)] PruneCrashReportDatabase: Failed to get pending reports
[0709/115130.061:ERROR:prune_crash_reports.cc(34)] PruneCrashReportDatabase: Failed to get pending reports
[0709/121438.750:ERROR:prune_crash_reports.cc(34)] PruneCrashReportDatabase: Failed to get pending reports
[0709/122019.159:ERROR:prune_crash_reports.cc(34)] PruneCrashReportDatabase: Failed to get pending reports
[0709/122218.382:ERROR:prune_crash_reports.cc(34)] PruneCrashReportDatabase: Failed to get pending reports
[0709/122227.551:ERROR:prune_crash_reports.cc(34)] PruneCrashReportDatabase: Failed to get pending reports
[0709/123716.312:ERROR:prune_crash_reports.cc(34)] PruneCrashReportDatabase: Failed to get pending reports
[0709/124148.614:ERROR:prune_crash_reports.cc(34)] PruneCrashReportDatabase: Failed to get pending reports
[0709/124350.777:ERROR:prune_crash_reports.cc(34)] PruneCrashReportDatabase: Failed to get pending reports
[0709/125030.638:ERROR:prune_crash_reports.cc(34)] PruneCrashReportDatabase: Failed to get pending reports
[0709/131757.730:ERROR:prune_crash_reports.cc(34)] PruneCrashReportDatabase: Failed to get pending reports
[0709/132422.064:ERROR:prune_crash_reports.cc(34)] PruneCrashReportDatabase: Failed to get pending reports
[0709/151817.772:ERROR:prune_crash_reports.cc(34)] PruneCrashReportDatabase: Failed to get pending reports
[0709/152653.713:ERROR:prune_crash_reports.cc(34)] PruneCrashReportDatabase: Failed to get pending reports
[0709/153044.568:ERROR:prune_crash_reports.cc(34)] PruneCrashReportDatabase: Failed to get pending reports
[0709/153502.902:ERROR:prune_crash_reports.cc(34)] PruneCrashReportDatabase: Failed to get pending reports
[0709/153625.885:ERROR:prune_crash_reports.cc(34)] PruneCrashReportDatabase: Failed to get pending reports
[0709/154036.295:ERROR:prune_crash_reports.cc(34)] PruneCrashReportDatabase: Failed to get pending reports
[0709/154111.531:ERROR:prune_crash_reports.cc(34)] PruneCrashReportDatabase: Failed to get pending reports
[0709/154245.489:ERROR:prune_crash_reports.cc(34)] PruneCrashReportDatabase: Failed to get pending reports
[0709/154827.367:ERROR:prune_crash_reports.cc(34)] PruneCrashReportDatabase: Failed to get pending reports
[0709/154941.050:ERROR:prune_crash_reports.cc(34)] PruneCrashReportDatabase: Failed to get pending reports
[0709/160350.230:ERROR:prune_crash_reports.cc(34)] PruneCrashReportDatabase: Failed to get pending reports
[0709/160820.546:ERROR:prune_crash_reports.cc(34)] PruneCrashReportDatabase: Failed to get pending reports
[0709/160937.958:ERROR:prune_crash_reports.cc(34)] PruneCrashReportDatabase: Failed to get pending reports
[0709/161103.725:ERROR:prune_crash_reports.cc(34)] PruneCrashReportDatabase: Failed to get pending reports
[0709/162256.004:ERROR:prune_crash_reports.cc(34)] PruneCrashReportDatabase: Failed to get pending reports
[0709/163557.420:ERROR:prune_crash_reports.cc(34)] PruneCrashReportDatabase: Failed to get pending reports
[0709/165809.916:ERROR:prune_crash_reports.cc(34)] PruneCrashReportDatabase: Failed to get pending reports
[0709/165945.560:ERROR:prune_crash_reports.cc(34)] PruneCrashReportDatabase: Failed to get pending reports
[0709/173332.522:ERROR:prune_crash_reports.cc(34)] PruneCrashReportDatabase: Failed to get pending reports
[0709/175055.814:ERROR:prune_crash_reports.cc(34)] PruneCrashReportDatabase: Failed to get pending reports
[0709/175210.983:ERROR:prune_crash_reports.cc(34)] PruneCrashReportDatabase: Failed to get pending reports
[0709/180701.030:ERROR:file_io_win.cc(161)] CreateFile C:\Users\TTATAR~1\AppData\Local\Temp\scoped_dir18568_29228\Crashpad\settings.dat: Системе не удается найти указанный путь. (0x3)
[0709/180701.042:ERROR:file_io_win.cc(170)] CreateFile C:\Users\TTATAR~1\AppData\Local\Temp\scoped_dir18568_29228\Crashpad\reports\2382679b-9a65-47f5-872f-46db07ef1d18.dmp: Системе не удается найти указанный путь. (0x3)
[0709/180701.042:ERROR:crash_report_exception_handler.cc(97)] PrepareNewCrashReport failed
[0709/181516.431:ERROR:prune_crash_reports.cc(34)] PruneCrashReportDatabase: Failed to get pending reports
[0709/184203.517:ERROR:prune_crash_reports.cc(34)] PruneCrashReportDatabase: Failed to get pending reports
[0709/184330.937:ERROR:prune_crash_reports.cc(34)] PruneCrashReportDatabase: Failed to get pending reports
[0709/184634.793:ERROR:prune_crash_reports.cc(34)] PruneCrashReportDatabase: Failed to get pending reports
[0709/184749.626:ERROR:prune_crash_reports.cc(34)] PruneCrashReportDatabase: Failed to get pending reports
[0709/190030.121:ERROR:prune_crash_reports.cc(34)] PruneCrashReportDatabase: Failed to get pending reports
[0709/190155.418:ERROR:prune_crash_reports.cc(34)] PruneCrashReportDatabase: Failed to get pending reports
[0709/190940.072:ERROR:prune_crash_reports.cc(34)] PruneCrashReportDatabase: Failed to get pending reports
[0709/191211.871:ERROR:prune_crash_reports.cc(34)] PruneCrashReportDatabase: Failed to get pending reports
[0709/194622.035:ERROR:file_io_win.cc(161)] CreateFile C:\Users\TTATAR~1\AppData\Local\Temp\scoped_dir19624_28880\Crashpad\settings.dat: Системе не удается найти указанный путь. (0x3)
[0709/194622.041:ERROR:file_io_win.cc(170)] CreateFile C:\Users\TTATAR~1\AppData\Local\Temp\scoped_dir19624_28880\Crashpad\reports\9749a654-d168-40cb-8cd8-10ef447ffbb2.dmp: Системе не удается найти указанный путь. (0x3)
[0709/194622.041:ERROR:crash_report_exception_handler.cc(97)] PrepareNewCrashReport failed
[0709/201323.717:ERROR:file_io_win.cc(161)] CreateFile C:\Users\TTATAR~1\AppData\Local\Temp\scoped_dir15980_21631\Crashpad\settings.dat: Системе не удается найти указанный путь. (0x3)
[0709/201323.727:ERROR:file_io_win.cc(170)] CreateFile C:\Users\TTATAR~1\AppData\Local\Temp\scoped_dir15980_21631\Crashpad\reports\9be2fdab-a326-4571-96c4-b4fc2f1b87ce.dmp: Системе не удается найти указанный путь. (0x3)
[0709/201323.727:ERROR:crash_report_exception_handler.cc(97)] PrepareNewCrashReport failed
[0709/201556.423:ERROR:file_io_win.cc(161)] CreateFile C:\Users\TTATAR~1\AppData\Local\Temp\scoped_dir14108_1513\Crashpad\settings.dat: Системе не удается найти указанный путь. (0x3)
[0709/201556.432:ERROR:file_io_win.cc(170)] CreateFile C:\Users\TTATAR~1\AppData\Local\Temp\scoped_dir14108_1513\Crashpad\reports\095f7115-a5f6-44cb-aabb-6ca863fb397c.dmp: Системе не удается найти указанный путь. (0x3)
[0709/201556.432:ERROR:crash_report_exception_handler.cc(97)] PrepareNewCrashReport failed
[0709/201732.324:ERROR:file_io_win.cc(161)] CreateFile C:\Users\TTATAR~1\AppData\Local\Temp\scoped_dir21360_27252\Crashpad\settings.dat: Системе не удается найти указанный путь. (0x3)
[0709/201732.330:ERROR:file_io_win.cc(170)] CreateFile C:\Users\TTATAR~1\AppData\Local\Temp\scoped_dir21360_27252\Crashpad\reports\6dd276fa-b17c-4079-8f0c-d0d0c8a224c1.dmp: Системе не удается найти указанный путь. (0x3)
[0709/201732.330:ERROR:crash_report_exception_handler.cc(97)] PrepareNewCrashReport failed
[0709/201859.060:ERROR:file_io_win.cc(161)] CreateFile C:\Users\TTATAR~1\AppData\Local\Temp\scoped_dir21144_21942\Crashpad\settings.dat: Системе не удается найти указанный путь. (0x3)
[0709/201859.061:ERROR:file_io_win.cc(170)] CreateFile C:\Users\TTATAR~1\AppData\Local\Temp\scoped_dir21144_21942\Crashpad\reports\356a26f3-6a1a-425a-a268-6e9b6f9b1883.dmp: Системе не удается найти указанный путь. (0x3)
[0709/201859.061:ERROR:crash_report_exception_handler.cc(97)] PrepareNewCrashReport failed
[0709/203140.516:ERROR:file_io_win.cc(161)] CreateFile C:\Users\TTATAR~1\AppData\Local\Temp\scoped_dir20884_1925\Crashpad\settings.dat: Системе не удается найти указанный путь. (0x3)
[0709/203140.517:ERROR:file_io_win.cc(170)] CreateFile C:\Users\TTATAR~1\AppData\Local\Temp\scoped_dir20884_1925\Crashpad\reports\a88c662e-1ed5-4f32-bdc2-6db93720b528.dmp: Системе не удается найти указанный путь. (0x3)
[0709/203140.517:ERROR:crash_report_exception_handler.cc(97)] PrepareNewCrashReport failed
[0709/203308.671:ERROR:file_io_win.cc(161)] CreateFile C:\Users\TTATAR~1\AppData\Local\Temp\scoped_dir16304_32220\Crashpad\settings.dat: Системе не удается найти указанный путь. (0x3)
[0709/203308.671:ERROR:file_io_win.cc(170)] CreateFile C:\Users\TTATAR~1\AppData\Local\Temp\scoped_dir16304_32220\Crashpad\reports\48bd3763-3699-437f-876a-6a0cb0544bbc.dmp: Системе не удается найти указанный путь. (0x3)
[0709/203308.672:ERROR:crash_report_exception_handler.cc(97)] PrepareNewCrashReport failed
[0709/204033.980:ERROR:file_io_win.cc(161)] CreateFile C:\Users\TTATAR~1\AppData\Local\Temp\scoped_dir21220_1487\Crashpad\settings.dat: Системе не удается найти указанный путь. (0x3)
[0709/204033.981:ERROR:file_io_win.cc(170)] CreateFile C:\Users\TTATAR~1\AppData\Local\Temp\scoped_dir21220_1487\Crashpad\reports\bd97ced3-e633-4369-a508-bc1b29ebfeee.dmp: Системе не удается найти указанный путь. (0x3)
[0709/204033.981:ERROR:crash_report_exception_handler.cc(97)] PrepareNewCrashReport failed
[0709/204325.072:ERROR:file_io_win.cc(161)] CreateFile C:\Users\TTATAR~1\AppData\Local\Temp\scoped_dir15020_10449\Crashpad\settings.dat: Системе не удается найти указанный путь. (0x3)
[0709/204325.073:ERROR:file_io_win.cc(170)] CreateFile C:\Users\TTATAR~1\AppData\Local\Temp\scoped_dir15020_10449\Crashpad\reports\e1e41326-0fcc-4237-af44-adf82011808e.dmp: Системе не удается найти указанный путь. (0x3)
[0709/204325.073:ERROR:crash_report_exception_handler.cc(97)] PrepareNewCrashReport failed
[0710/112054.248:ERROR:prune_crash_reports.cc(34)] PruneCrashReportDatabase: Failed to get pending reports
[0710/114117.491:ERROR:prune_crash_reports.cc(34)] PruneCrashReportDatabase: Failed to get pending reports
[0710/114518.235:ERROR:prune_crash_reports.cc(34)] PruneCrashReportDatabase: Failed to get pending reports
[0710/115127.282:ERROR:prune_crash_reports.cc(34)] PruneCrashReportDatabase: Failed to get pending reports
[0710/121436.692:ERROR:prune_crash_reports.cc(34)] PruneCrashReportDatabase: Failed to get pending reports
[0710/122017.101:ERROR:prune_crash_reports.cc(34)] PruneCrashReportDatabase: Failed to get pending reports
[0710/122216.340:ERROR:prune_crash_reports.cc(34)] PruneCrashReportDatabase: Failed to get pending reports
[0710/122225.487:ERROR:prune_crash_reports.cc(34)] PruneCrashReportDatabase: Failed to get pending reports
[0711/131958.862:ERROR:prune_crash_reports.cc(34)] PruneCrashReportDatabase: Failed to get pending reports
[0711/141203.460:ERROR:prune_crash_reports.cc(34)] PruneCrashReportDatabase: Failed to get pending reports
[0711/145329.274:ERROR:file_io_win.cc(161)] CreateFile C:\Users\TTATAR~1\AppData\Local\Temp\scoped_dir5928_9441\Crashpad\settings.dat: Системе не удается найти указанный путь. (0x3)
[0711/145329.275:ERROR:file_io_win.cc(170)] CreateFile C:\Users\TTATAR~1\AppData\Local\Temp\scoped_dir5928_9441\Crashpad\reports\473f683e-44dd-48f8-ad58-353cd8eabdd7.dmp: Системе не удается найти указанный путь. (0x3)
[0711/145329.275:ERROR:crash_report_exception_handler.cc(97)] PrepareNewCrashReport failed
